<?xml version="1.0" encoding="UTF-8"?>
<!-- Generated by org.testng.reporters.JUnitXMLReporter -->
<testsuite ignored="2" hostname="LAPTOP-L6G52JM8" failures="0" tests="1" name="Default test" time="4.625" errors="0" timestamp="2026-06-18T11:54:42 IST">
  <testcase classname="testscript.LoginTest" name="verifyUserValidCredentials" time="0.843"/>
  <testcase classname="testscript.LoginTest" name="verifyUserInvalidusername" time="0.0">
    <ignored/>
  </testcase> <!-- verifyUserInvalidusername -->
  <testcase classname="testscript.LoginTest" name="verifyUserInvalidpassword" time="0.0">
    <ignored/>
  </testcase> <!-- verifyUserInvalidpassword -->
</testsuite> <!-- Default test -->
