<?xml version="1.0" encoding="UTF-8"?>
<testng-results ignored="0" total="1" passed="1" failed="0" skipped="0">
  <reporter-output>
  </reporter-output>
  <suite started-at="2026-06-18T11:54:37 IST" name="Default suite" finished-at="2026-06-18T11:54:42 IST" duration-ms="4625">
    <groups>
    </groups>
    <test started-at="2026-06-18T11:54:37 IST" name="Default test" finished-at="2026-06-18T11:54:42 IST" duration-ms="4625">
      <class name="testscript.LoginTest">
        <test-method is-config="true" signature="browserinitialization()[pri:0, instance:testscript.LoginTest@38d8f54a]" started-at="2026-06-18T11:54:37 IST" name="browserinitialization" finished-at="2026-06-18T11:54:41 IST" duration-ms="3716" status="PASS">
          <reporter-output>
          </reporter-output>
        </test-method> <!-- browserinitialization -->
        <test-method signature="verifyUserValidCredentials()[pri:0, instance:testscript.LoginTest@38d8f54a]" started-at="2026-06-18T11:54:41 IST" name="verifyUserValidCredentials" finished-at="2026-06-18T11:54:42 IST" duration-ms="843" status="PASS">
          <reporter-output>
          </reporter-output>
        </test-method> <!-- verifyUserValidCredentials -->
      </class> <!-- testscript.LoginTest -->
    </test> <!-- Default test -->
  </suite> <!-- Default suite -->
</testng-results>
